<?xml version="1.0" encoding="UTF-8"?>
<!-- Generated by org.testng.reporters.JUnitXMLReporter -->
<testsuite hostname="AlexMacBook.local" ignored="0" name="Default test" tests="10" failures="0" timestamp="24 Feb 2021 04:20:03 GMT" time="54.158" errors="0">
  <testcase name="decimals1" time="2.655" classname="test.Calculator_Nuix_Test"/>
  <testcase name="decimals2" time="2.623" classname="test.Calculator_Nuix_Test"/>
  <testcase name="simple_addition1" time="1.108" classname="test.Calculator_Nuix_Test"/>
  <testcase name="simple_addition2" time="1.105" classname="test.Calculator_Nuix_Test"/>
  <testcase name="simple_addition3" time="1.112" classname="test.Calculator_Nuix_Test"/>
  <testcase name="simple_division1" time="1.104" classname="test.Calculator_Nuix_Test"/>
  <testcase name="simple_division2" time="1.109" classname="test.Calculator_Nuix_Test"/>
  <testcase name="simple_division3" time="1.542" classname="test.Calculator_Nuix_Test"/>
  <testcase name="simple_division4" time="1.107" classname="test.Calculator_Nuix_Test"/>
  <testcase name="simple_division5" time="1.106" classname="test.Calculator_Nuix_Test"/>
</testsuite> <!-- Default test -->
