<?xml version="1.0" encoding="UTF-8"?>
<testng-results skipped="0" failed="0" ignored="0" total="10" passed="10">
  <reporter-output>
  </reporter-output>
  <suite name="Default suite" duration-ms="54158" started-at="2021-02-24T04:19:09Z" finished-at="2021-02-24T04:20:03Z">
    <groups>
    </groups>
    <test name="Default test" duration-ms="54158" started-at="2021-02-24T04:19:09Z" finished-at="2021-02-24T04:20:03Z">
      <class name="test.Calculator_Nuix_Test">
        <test-method status="PASS" signature="setUoTest()[pri:0, instance:test.Calculator_Nuix_Test@7d9d1a19]" name="setUoTest" is-config="true" duration-ms="5490" started-at="2021-02-24T04:19:09Z" finished-at="2021-02-24T04:19:14Z">
          <reporter-output>
          </reporter-output>
        </test-method> <!-- setUoTest -->
        <test-method status="PASS" signature="decimals1()[pri:0, instance:test.Calculator_Nuix_Test@7d9d1a19]" name="decimals1" duration-ms="2655" started-at="2021-02-24T04:19:14Z" finished-at="2021-02-24T04:19:17Z">
          <reporter-output>
          </reporter-output>
        </test-method> <!-- decimals1 -->
        <test-method status="PASS" signature="tearDownTest()[pri:0, instance:test.Calculator_Nuix_Test@7d9d1a19]" name="tearDownTest" is-config="true" duration-ms="594" started-at="2021-02-24T04:19:17Z" finished-at="2021-02-24T04:19:17Z">
          <reporter-output>
          </reporter-output>
        </test-method> <!-- tearDownTest -->
        <test-method status="PASS" signature="setUoTest()[pri:0, instance:test.Calculator_Nuix_Test@7d9d1a19]" name="setUoTest" is-config="true" duration-ms="3247" started-at="2021-02-24T04:19:17Z" finished-at="2021-02-24T04:19:21Z">
          <reporter-output>
          </reporter-output>
        </test-method> <!-- setUoTest -->
        <test-method status="PASS" signature="decimals2()[pri:0, instance:test.Calculator_Nuix_Test@7d9d1a19]" name="decimals2" duration-ms="2623" started-at="2021-02-24T04:19:21Z" finished-at="2021-02-24T04:19:23Z">
          <reporter-output>
          </reporter-output>
        </test-method> <!-- decimals2 -->
        <test-method status="PASS" signature="tearDownTest()[pri:0, instance:test.Calculator_Nuix_Test@7d9d1a19]" name="tearDownTest" is-config="true" duration-ms="491" started-at="2021-02-24T04:19:23Z" finished-at="2021-02-24T04:19:24Z">
          <reporter-output>
          </reporter-output>
        </test-method> <!-- tearDownTest -->
        <test-method status="PASS" signature="setUoTest()[pri:0, instance:test.Calculator_Nuix_Test@7d9d1a19]" name="setUoTest" is-config="true" duration-ms="3319" started-at="2021-02-24T04:19:24Z" finished-at="2021-02-24T04:19:27Z">
          <reporter-output>
          </reporter-output>
        </test-method> <!-- setUoTest -->
        <test-method status="PASS" signature="simple_addition1()[pri:0, instance:test.Calculator_Nuix_Test@7d9d1a19]" name="simple_addition1" duration-ms="1108" started-at="2021-02-24T04:19:27Z" finished-at="2021-02-24T04:19:28Z">
          <reporter-output>
          </reporter-output>
        </test-method> <!-- simple_addition1 -->
        <test-method status="PASS" signature="tearDownTest()[pri:0, instance:test.Calculator_Nuix_Test@7d9d1a19]" name="tearDownTest" is-config="true" duration-ms="495" started-at="2021-02-24T04:19:28Z" finished-at="2021-02-24T04:19:29Z">
          <reporter-output>
          </reporter-output>
        </test-method> <!-- tearDownTest -->
        <test-method status="PASS" signature="setUoTest()[pri:0, instance:test.Calculator_Nuix_Test@7d9d1a19]" name="setUoTest" is-config="true" duration-ms="3197" started-at="2021-02-24T04:19:29Z" finished-at="2021-02-24T04:19:32Z">
          <reporter-output>
          </reporter-output>
        </test-method> <!-- setUoTest -->
        <test-method status="PASS" signature="simple_addition2()[pri:0, instance:test.Calculator_Nuix_Test@7d9d1a19]" name="simple_addition2" duration-ms="1105" started-at="2021-02-24T04:19:32Z" finished-at="2021-02-24T04:19:33Z">
          <reporter-output>
          </reporter-output>
        </test-method> <!-- simple_addition2 -->
        <test-method status="PASS" signature="tearDownTest()[pri:0, instance:test.Calculator_Nuix_Test@7d9d1a19]" name="tearDownTest" is-config="true" duration-ms="484" started-at="2021-02-24T04:19:33Z" finished-at="2021-02-24T04:19:33Z">
          <reporter-output>
          </reporter-output>
        </test-method> <!-- tearDownTest -->
        <test-method status="PASS" signature="setUoTest()[pri:0, instance:test.Calculator_Nuix_Test@7d9d1a19]" name="setUoTest" is-config="true" duration-ms="3127" started-at="2021-02-24T04:19:33Z" finished-at="2021-02-24T04:19:37Z">
          <reporter-output>
          </reporter-output>
        </test-method> <!-- setUoTest -->
        <test-method status="PASS" signature="simple_addition3()[pri:0, instance:test.Calculator_Nuix_Test@7d9d1a19]" name="simple_addition3" duration-ms="1112" started-at="2021-02-24T04:19:37Z" finished-at="2021-02-24T04:19:38Z">
          <reporter-output>
          </reporter-output>
        </test-method> <!-- simple_addition3 -->
        <test-method status="PASS" signature="tearDownTest()[pri:0, instance:test.Calculator_Nuix_Test@7d9d1a19]" name="tearDownTest" is-config="true" duration-ms="492" started-at="2021-02-24T04:19:38Z" finished-at="2021-02-24T04:19:38Z">
          <reporter-output>
          </reporter-output>
        </test-method> <!-- tearDownTest -->
        <test-method status="PASS" signature="setUoTest()[pri:0, instance:test.Calculator_Nuix_Test@7d9d1a19]" name="setUoTest" is-config="true" duration-ms="3113" started-at="2021-02-24T04:19:38Z" finished-at="2021-02-24T04:19:41Z">
          <reporter-output>
          </reporter-output>
        </test-method> <!-- setUoTest -->
        <test-method status="PASS" signature="simple_division1()[pri:0, instance:test.Calculator_Nuix_Test@7d9d1a19]" name="simple_division1" duration-ms="1104" started-at="2021-02-24T04:19:41Z" finished-at="2021-02-24T04:19:42Z">
          <reporter-output>
          </reporter-output>
        </test-method> <!-- simple_division1 -->
        <test-method status="PASS" signature="tearDownTest()[pri:0, instance:test.Calculator_Nuix_Test@7d9d1a19]" name="tearDownTest" is-config="true" duration-ms="490" started-at="2021-02-24T04:19:42Z" finished-at="2021-02-24T04:19:43Z">
          <reporter-output>
          </reporter-output>
        </test-method> <!-- tearDownTest -->
        <test-method status="PASS" signature="setUoTest()[pri:0, instance:test.Calculator_Nuix_Test@7d9d1a19]" name="setUoTest" is-config="true" duration-ms="3206" started-at="2021-02-24T04:19:43Z" finished-at="2021-02-24T04:19:46Z">
          <reporter-output>
          </reporter-output>
        </test-method> <!-- setUoTest -->
        <test-method status="PASS" signature="simple_division2()[pri:0, instance:test.Calculator_Nuix_Test@7d9d1a19]" name="simple_division2" duration-ms="1109" started-at="2021-02-24T04:19:46Z" finished-at="2021-02-24T04:19:47Z">
          <reporter-output>
          </reporter-output>
        </test-method> <!-- simple_division2 -->
        <test-method status="PASS" signature="tearDownTest()[pri:0, instance:test.Calculator_Nuix_Test@7d9d1a19]" name="tearDownTest" is-config="true" duration-ms="587" started-at="2021-02-24T04:19:47Z" finished-at="2021-02-24T04:19:48Z">
          <reporter-output>
          </reporter-output>
        </test-method> <!-- tearDownTest -->
        <test-method status="PASS" signature="setUoTest()[pri:0, instance:test.Calculator_Nuix_Test@7d9d1a19]" name="setUoTest" is-config="true" duration-ms="3321" started-at="2021-02-24T04:19:48Z" finished-at="2021-02-24T04:19:51Z">
          <reporter-output>
          </reporter-output>
        </test-method> <!-- setUoTest -->
        <test-method status="PASS" signature="simple_division3()[pri:0, instance:test.Calculator_Nuix_Test@7d9d1a19]" name="simple_division3" duration-ms="1542" started-at="2021-02-24T04:19:51Z" finished-at="2021-02-24T04:19:53Z">
          <reporter-output>
          </reporter-output>
        </test-method> <!-- simple_division3 -->
        <test-method status="PASS" signature="tearDownTest()[pri:0, instance:test.Calculator_Nuix_Test@7d9d1a19]" name="tearDownTest" is-config="true" duration-ms="506" started-at="2021-02-24T04:19:53Z" finished-at="2021-02-24T04:19:53Z">
          <reporter-output>
          </reporter-output>
        </test-method> <!-- tearDownTest -->
        <test-method status="PASS" signature="setUoTest()[pri:0, instance:test.Calculator_Nuix_Test@7d9d1a19]" name="setUoTest" is-config="true" duration-ms="3203" started-at="2021-02-24T04:19:53Z" finished-at="2021-02-24T04:19:56Z">
          <reporter-output>
          </reporter-output>
        </test-method> <!-- setUoTest -->
        <test-method status="PASS" signature="simple_division4()[pri:0, instance:test.Calculator_Nuix_Test@7d9d1a19]" name="simple_division4" duration-ms="1107" started-at="2021-02-24T04:19:56Z" finished-at="2021-02-24T04:19:57Z">
          <reporter-output>
          </reporter-output>
        </test-method> <!-- simple_division4 -->
        <test-method status="PASS" signature="tearDownTest()[pri:0, instance:test.Calculator_Nuix_Test@7d9d1a19]" name="tearDownTest" is-config="true" duration-ms="491" started-at="2021-02-24T04:19:57Z" finished-at="2021-02-24T04:19:58Z">
          <reporter-output>
          </reporter-output>
        </test-method> <!-- tearDownTest -->
        <test-method status="PASS" signature="setUoTest()[pri:0, instance:test.Calculator_Nuix_Test@7d9d1a19]" name="setUoTest" is-config="true" duration-ms="3219" started-at="2021-02-24T04:19:58Z" finished-at="2021-02-24T04:20:01Z">
          <reporter-output>
          </reporter-output>
        </test-method> <!-- setUoTest -->
        <test-method status="PASS" signature="simple_division5()[pri:0, instance:test.Calculator_Nuix_Test@7d9d1a19]" name="simple_division5" duration-ms="1106" started-at="2021-02-24T04:20:01Z" finished-at="2021-02-24T04:20:02Z">
          <reporter-output>
          </reporter-output>
        </test-method> <!-- simple_division5 -->
        <test-method status="PASS" signature="tearDownTest()[pri:0, instance:test.Calculator_Nuix_Test@7d9d1a19]" name="tearDownTest" is-config="true" duration-ms="482" started-at="2021-02-24T04:20:02Z" finished-at="2021-02-24T04:20:03Z">
          <reporter-output>
          </reporter-output>
        </test-method> <!-- tearDownTest -->
      </class> <!-- test.Calculator_Nuix_Test -->
    </test> <!-- Default test -->
  </suite> <!-- Default suite -->
</testng-results>
